<?xml version="1.0" encoding="UTF-8" ?>
<testsuite failures="0" time="0.524" errors="0" skipped="0" tests="2" name="com.rmc.exception.RmcExceptionFactoryTest">
  <properties>
    <property name="java.runtime.name" value="Java(TM) SE Runtime Environment"/>
    <property name="sun.boot.library.path" value="D:\ParcoursConseiller\Logiciels\jdk1.7.0_51\jre\bin"/>
    <property name="java.vm.version" value="24.51-b03"/>
    <property name="java.vm.vendor" value="Oracle Corporation"/>
    <property name="java.vendor.url" value="http://java.oracle.com/"/>
    <property name="path.separator" value=";"/>
    <property name="java.vm.name" value="Java HotSpot(TM) 64-Bit Server VM"/>
    <property name="file.encoding.pkg" value="sun.io"/>
    <property name="user.script" value=""/>
    <property name="user.country" value="FR"/>
    <property name="sun.java.launcher" value="SUN_STANDARD"/>
    <property name="sun.os.patch.level" value="Service Pack 1"/>
    <property name="java.vm.specification.name" value="Java Virtual Machine Specification"/>
    <property name="user.dir" value="D:\ParcoursConseiller\workspace\RMC_Communs"/>
    <property name="java.runtime.version" value="1.7.0_51-b13"/>
    <property name="java.awt.graphicsenv" value="sun.awt.Win32GraphicsEnvironment"/>
    <property name="basedir" value="D:\ParcoursConseiller\workspace\RMC_Communs"/>
    <property name="java.endorsed.dirs" value="D:\ParcoursConseiller\Logiciels\jdk1.7.0_51\jre\lib\endorsed"/>
    <property name="os.arch" value="amd64"/>
    <property name="surefire.real.class.path" value="c:\temp\surefirebooter2377820143576611621.jar"/>
    <property name="java.io.tmpdir" value="c:\temp\"/>
    <property name="line.separator" value="
"/>
    <property name="java.vm.specification.vendor" value="Oracle Corporation"/>
    <property name="user.variant" value=""/>
    <property name="os.name" value="Windows 7"/>
    <property name="sun.jnu.encoding" value="Cp1252"/>
    <property name="java.library.path" value="D:\ParcoursConseiller\Logiciels\jdk1.7.0_51\jre\bin;C:\Windows\Sun\Java\bin;C:\Windows\system32;C:\Windows;C:\ProgramData\Oracle\Java\javapath;C:\Windows\system32;C:\Windows;C:\Windows\system32\wbem;C:\Windows\system32\windowspowershell\v1.0\;c:\program files (x86)\lenovo\access connections\;c:\program files (x86)\ibm\gsk8\lib;D:\ParcoursConseiller\Logiciels\JDK-8\bin;D:\ParcoursConseiller\Logiciels\maven\apache-maven-2.2.1\bin;C:\PROGRA~2\IBM\SQLLIB\BIN;C:\PROGRA~2\IBM\SQLLIB\FUNCTION;C:\PROGRA~2\IBM\SQLLIB\SAMPLES\REPL;C:\Program Files\nodejs\;C:\Program Files (x86)\Microsoft VS Code\bin;C:\Users\yyahia\AppData\Roaming\npm;."/>
    <property name="surefire.test.class.path" value="D:\ParcoursConseiller\workspace\RMC_Communs\target\test-classes;D:\ParcoursConseiller\workspace\RMC_Communs\target\classes;D:\ParcoursConseiller\repository\javax\servlet\jstl\1.2\jstl-1.2.jar;D:\ParcoursConseiller\repository\javax\servlet\javax.servlet-api\3.1.0\javax.servlet-api-3.1.0.jar;D:\ParcoursConseiller\repository\org\springframework\spring-context\3.0.6.RELEASE\spring-context-3.0.6.RELEASE.jar;D:\ParcoursConseiller\repository\org\springframework\spring-aop\3.0.6.RELEASE\spring-aop-3.0.6.RELEASE.jar;D:\ParcoursConseiller\repository\aopalliance\aopalliance\1.0\aopalliance-1.0.jar;D:\ParcoursConseiller\repository\org\springframework\spring-asm\3.0.6.RELEASE\spring-asm-3.0.6.RELEASE.jar;D:\ParcoursConseiller\repository\org\springframework\spring-beans\3.0.6.RELEASE\spring-beans-3.0.6.RELEASE.jar;D:\ParcoursConseiller\repository\org\springframework\spring-core\3.0.6.RELEASE\spring-core-3.0.6.RELEASE.jar;D:\ParcoursConseiller\repository\commons-logging\commons-logging\1.0.4\commons-logging-1.0.4.jar;D:\ParcoursConseiller\repository\org\springframework\spring-expression\3.0.6.RELEASE\spring-expression-3.0.6.RELEASE.jar;D:\ParcoursConseiller\repository\org\springframework\spring-web\3.0.6.RELEASE\spring-web-3.0.6.RELEASE.jar;D:\ParcoursConseiller\repository\org\springframework\spring-webmvc\3.0.6.RELEASE\spring-webmvc-3.0.6.RELEASE.jar;D:\ParcoursConseiller\repository\org\springframework\spring-context-support\3.0.6.RELEASE\spring-context-support-3.0.6.RELEASE.jar;D:\ParcoursConseiller\repository\org\springframework\spring-test\3.0.6.RELEASE\spring-test-3.0.6.RELEASE.jar;D:\ParcoursConseiller\repository\org\apache\cxf\cxf-rt-frontend-jaxrs\2.4.3\cxf-rt-frontend-jaxrs-2.4.3.jar;D:\ParcoursConseiller\repository\org\apache\cxf\cxf-common-utilities\2.4.3\cxf-common-utilities-2.4.3.jar;D:\ParcoursConseiller\repository\org\apache\ws\xmlschema\xmlschema-core\2.0.1\xmlschema-core-2.0.1.jar;D:\ParcoursConseiller\repository\org\codehaus\woodstox\woodstox-core-asl\4.1.1\woodstox-core-asl-4.1.1.jar;D:\ParcoursConseiller\repository\org\codehaus\woodstox\stax2-api\3.1.1\stax2-api-3.1.1.jar;D:\ParcoursConseiller\repository\org\apache\cxf\cxf-api\2.4.3\cxf-api-2.4.3.jar;D:\ParcoursConseiller\repository\org\apache\neethi\neethi\3.0.1\neethi-3.0.1.jar;D:\ParcoursConseiller\repository\wsdl4j\wsdl4j\1.6.2\wsdl4j-1.6.2.jar;D:\ParcoursConseiller\repository\org\apache\cxf\cxf-rt-core\2.4.3\cxf-rt-core-2.4.3.jar;D:\ParcoursConseiller\repository\com\sun\xml\bind\jaxb-impl\2.2.4-1\jaxb-impl-2.2.4-1.jar;D:\ParcoursConseiller\repository\org\apache\geronimo\specs\geronimo-javamail_1.4_spec\1.7.1\geronimo-javamail_1.4_spec-1.7.1.jar;D:\ParcoursConseiller\repository\javax\ws\rs\jsr311-api\1.1.1\jsr311-api-1.1.1.jar;D:\ParcoursConseiller\repository\org\apache\cxf\cxf-rt-bindings-xml\2.4.3\cxf-rt-bindings-xml-2.4.3.jar;D:\ParcoursConseiller\repository\org\apache\cxf\cxf-rt-transports-http\2.4.3\cxf-rt-transports-http-2.4.3.jar;D:\ParcoursConseiller\repository\org\apache\cxf\cxf-rt-transports-common\2.4.3\cxf-rt-transports-common-2.4.3.jar;D:\ParcoursConseiller\repository\org\codehaus\jettison\jettison\1.3\jettison-1.3.jar;D:\ParcoursConseiller\repository\org\apache\cxf\cxf-rt-frontend-jaxws\2.4.3\cxf-rt-frontend-jaxws-2.4.3.jar;D:\ParcoursConseiller\repository\xml-resolver\xml-resolver\1.2\xml-resolver-1.2.jar;D:\ParcoursConseiller\repository\asm\asm\3.3\asm-3.3.jar;D:\ParcoursConseiller\repository\org\apache\cxf\cxf-rt-bindings-soap\2.4.3\cxf-rt-bindings-soap-2.4.3.jar;D:\ParcoursConseiller\repository\org\apache\cxf\cxf-tools-common\2.4.3\cxf-tools-common-2.4.3.jar;D:\ParcoursConseiller\repository\org\apache\cxf\cxf-rt-databinding-jaxb\2.4.3\cxf-rt-databinding-jaxb-2.4.3.jar;D:\ParcoursConseiller\repository\org\apache\cxf\cxf-rt-frontend-simple\2.4.3\cxf-rt-frontend-simple-2.4.3.jar;D:\ParcoursConseiller\repository\org\apache\cxf\cxf-rt-ws-addr\2.4.3\cxf-rt-ws-addr-2.4.3.jar;D:\ParcoursConseiller\repository\commons-httpclient\commons-httpclient\3.1\commons-httpclient-3.1.jar;D:\ParcoursConseiller\repository\commons-codec\commons-codec\1.2\commons-codec-1.2.jar;D:\ParcoursConseiller\repository\javax\ws\rs\javax.ws.rs-api\2.0.1\javax.ws.rs-api-2.0.1.jar;D:\ParcoursConseiller\repository\org\codehaus\jackson\jackson-jaxrs\1.1.1\jackson-jaxrs-1.1.1.jar;D:\ParcoursConseiller\repository\org\codehaus\jackson\jackson-core-asl\1.1.1\jackson-core-asl-1.1.1.jar;D:\ParcoursConseiller\repository\org\codehaus\jackson\jackson-mapper-asl\1.1.1\jackson-mapper-asl-1.1.1.jar;D:\ParcoursConseiller\repository\junit\junit\4.12\junit-4.12.jar;D:\ParcoursConseiller\repository\org\hamcrest\hamcrest-core\1.3\hamcrest-core-1.3.jar;D:\ParcoursConseiller\repository\io\jsonwebtoken\jjwt\0.5.1\jjwt-0.5.1.jar;D:\ParcoursConseiller\repository\org\slf4j\slf4j-api\1.7.5\slf4j-api-1.7.5.jar;D:\ParcoursConseiller\repository\com\fasterxml\jackson\core\jackson-databind\2.4.2\jackson-databind-2.4.2.jar;D:\ParcoursConseiller\repository\com\fasterxml\jackson\core\jackson-annotations\2.4.0\jackson-annotations-2.4.0.jar;D:\ParcoursConseiller\repository\com\fasterxml\jackson\core\jackson-core\2.4.2\jackson-core-2.4.2.jar;D:\ParcoursConseiller\repository\com\voodoodyne\jackson\jsog\jackson-jsog\1.1\jackson-jsog-1.1.jar;D:\ParcoursConseiller\repository\org\aspectj\aspectjrt\1.6.11\aspectjrt-1.6.11.jar;D:\ParcoursConseiller\repository\org\aspectj\aspectjweaver\1.6.11\aspectjweaver-1.6.11.jar;D:\ParcoursConseiller\repository\cglib\cglib\2.2.2\cglib-2.2.2.jar;D:\ParcoursConseiller\repository\org\slf4j\slf4j-log4j12\1.7.5\slf4j-log4j12-1.7.5.jar;D:\ParcoursConseiller\repository\log4j\log4j\1.2.9\log4j-1.2.9.jar;"/>
    <property name="java.specification.name" value="Java Platform API Specification"/>
    <property name="java.class.version" value="51.0"/>
    <property name="sun.management.compiler" value="HotSpot 64-Bit Tiered Compilers"/>
    <property name="os.version" value="6.1"/>
    <property name="user.home" value="D:\Users\yyahia"/>
    <property name="user.timezone" value="Europe/Paris"/>
    <property name="java.awt.printerjob" value="sun.awt.windows.WPrinterJob"/>
    <property name="java.specification.version" value="1.7"/>
    <property name="file.encoding" value="Cp1252"/>
    <property name="user.name" value="yyahia"/>
    <property name="java.class.path" value="D:\ParcoursConseiller\workspace\RMC_Communs\target\test-classes;D:\ParcoursConseiller\workspace\RMC_Communs\target\classes;D:\ParcoursConseiller\repository\javax\servlet\jstl\1.2\jstl-1.2.jar;D:\ParcoursConseiller\repository\javax\servlet\javax.servlet-api\3.1.0\javax.servlet-api-3.1.0.jar;D:\ParcoursConseiller\repository\org\springframework\spring-context\3.0.6.RELEASE\spring-context-3.0.6.RELEASE.jar;D:\ParcoursConseiller\repository\org\springframework\spring-aop\3.0.6.RELEASE\spring-aop-3.0.6.RELEASE.jar;D:\ParcoursConseiller\repository\aopalliance\aopalliance\1.0\aopalliance-1.0.jar;D:\ParcoursConseiller\repository\org\springframework\spring-asm\3.0.6.RELEASE\spring-asm-3.0.6.RELEASE.jar;D:\ParcoursConseiller\repository\org\springframework\spring-beans\3.0.6.RELEASE\spring-beans-3.0.6.RELEASE.jar;D:\ParcoursConseiller\repository\org\springframework\spring-core\3.0.6.RELEASE\spring-core-3.0.6.RELEASE.jar;D:\ParcoursConseiller\repository\commons-logging\commons-logging\1.0.4\commons-logging-1.0.4.jar;D:\ParcoursConseiller\repository\org\springframework\spring-expression\3.0.6.RELEASE\spring-expression-3.0.6.RELEASE.jar;D:\ParcoursConseiller\repository\org\springframework\spring-web\3.0.6.RELEASE\spring-web-3.0.6.RELEASE.jar;D:\ParcoursConseiller\repository\org\springframework\spring-webmvc\3.0.6.RELEASE\spring-webmvc-3.0.6.RELEASE.jar;D:\ParcoursConseiller\repository\org\springframework\spring-context-support\3.0.6.RELEASE\spring-context-support-3.0.6.RELEASE.jar;D:\ParcoursConseiller\repository\org\springframework\spring-test\3.0.6.RELEASE\spring-test-3.0.6.RELEASE.jar;D:\ParcoursConseiller\repository\org\apache\cxf\cxf-rt-frontend-jaxrs\2.4.3\cxf-rt-frontend-jaxrs-2.4.3.jar;D:\ParcoursConseiller\repository\org\apache\cxf\cxf-common-utilities\2.4.3\cxf-common-utilities-2.4.3.jar;D:\ParcoursConseiller\repository\org\apache\ws\xmlschema\xmlschema-core\2.0.1\xmlschema-core-2.0.1.jar;D:\ParcoursConseiller\repository\org\codehaus\woodstox\woodstox-core-asl\4.1.1\woodstox-core-asl-4.1.1.jar;D:\ParcoursConseiller\repository\org\codehaus\woodstox\stax2-api\3.1.1\stax2-api-3.1.1.jar;D:\ParcoursConseiller\repository\org\apache\cxf\cxf-api\2.4.3\cxf-api-2.4.3.jar;D:\ParcoursConseiller\repository\org\apache\neethi\neethi\3.0.1\neethi-3.0.1.jar;D:\ParcoursConseiller\repository\wsdl4j\wsdl4j\1.6.2\wsdl4j-1.6.2.jar;D:\ParcoursConseiller\repository\org\apache\cxf\cxf-rt-core\2.4.3\cxf-rt-core-2.4.3.jar;D:\ParcoursConseiller\repository\com\sun\xml\bind\jaxb-impl\2.2.4-1\jaxb-impl-2.2.4-1.jar;D:\ParcoursConseiller\repository\org\apache\geronimo\specs\geronimo-javamail_1.4_spec\1.7.1\geronimo-javamail_1.4_spec-1.7.1.jar;D:\ParcoursConseiller\repository\javax\ws\rs\jsr311-api\1.1.1\jsr311-api-1.1.1.jar;D:\ParcoursConseiller\repository\org\apache\cxf\cxf-rt-bindings-xml\2.4.3\cxf-rt-bindings-xml-2.4.3.jar;D:\ParcoursConseiller\repository\org\apache\cxf\cxf-rt-transports-http\2.4.3\cxf-rt-transports-http-2.4.3.jar;D:\ParcoursConseiller\repository\org\apache\cxf\cxf-rt-transports-common\2.4.3\cxf-rt-transports-common-2.4.3.jar;D:\ParcoursConseiller\repository\org\codehaus\jettison\jettison\1.3\jettison-1.3.jar;D:\ParcoursConseiller\repository\org\apache\cxf\cxf-rt-frontend-jaxws\2.4.3\cxf-rt-frontend-jaxws-2.4.3.jar;D:\ParcoursConseiller\repository\xml-resolver\xml-resolver\1.2\xml-resolver-1.2.jar;D:\ParcoursConseiller\repository\asm\asm\3.3\asm-3.3.jar;D:\ParcoursConseiller\repository\org\apache\cxf\cxf-rt-bindings-soap\2.4.3\cxf-rt-bindings-soap-2.4.3.jar;D:\ParcoursConseiller\repository\org\apache\cxf\cxf-tools-common\2.4.3\cxf-tools-common-2.4.3.jar;D:\ParcoursConseiller\repository\org\apache\cxf\cxf-rt-databinding-jaxb\2.4.3\cxf-rt-databinding-jaxb-2.4.3.jar;D:\ParcoursConseiller\repository\org\apache\cxf\cxf-rt-frontend-simple\2.4.3\cxf-rt-frontend-simple-2.4.3.jar;D:\ParcoursConseiller\repository\org\apache\cxf\cxf-rt-ws-addr\2.4.3\cxf-rt-ws-addr-2.4.3.jar;D:\ParcoursConseiller\repository\commons-httpclient\commons-httpclient\3.1\commons-httpclient-3.1.jar;D:\ParcoursConseiller\repository\commons-codec\commons-codec\1.2\commons-codec-1.2.jar;D:\ParcoursConseiller\repository\javax\ws\rs\javax.ws.rs-api\2.0.1\javax.ws.rs-api-2.0.1.jar;D:\ParcoursConseiller\repository\org\codehaus\jackson\jackson-jaxrs\1.1.1\jackson-jaxrs-1.1.1.jar;D:\ParcoursConseiller\repository\org\codehaus\jackson\jackson-core-asl\1.1.1\jackson-core-asl-1.1.1.jar;D:\ParcoursConseiller\repository\org\codehaus\jackson\jackson-mapper-asl\1.1.1\jackson-mapper-asl-1.1.1.jar;D:\ParcoursConseiller\repository\junit\junit\4.12\junit-4.12.jar;D:\ParcoursConseiller\repository\org\hamcrest\hamcrest-core\1.3\hamcrest-core-1.3.jar;D:\ParcoursConseiller\repository\io\jsonwebtoken\jjwt\0.5.1\jjwt-0.5.1.jar;D:\ParcoursConseiller\repository\org\slf4j\slf4j-api\1.7.5\slf4j-api-1.7.5.jar;D:\ParcoursConseiller\repository\com\fasterxml\jackson\core\jackson-databind\2.4.2\jackson-databind-2.4.2.jar;D:\ParcoursConseiller\repository\com\fasterxml\jackson\core\jackson-annotations\2.4.0\jackson-annotations-2.4.0.jar;D:\ParcoursConseiller\repository\com\fasterxml\jackson\core\jackson-core\2.4.2\jackson-core-2.4.2.jar;D:\ParcoursConseiller\repository\com\voodoodyne\jackson\jsog\jackson-jsog\1.1\jackson-jsog-1.1.jar;D:\ParcoursConseiller\repository\org\aspectj\aspectjrt\1.6.11\aspectjrt-1.6.11.jar;D:\ParcoursConseiller\repository\org\aspectj\aspectjweaver\1.6.11\aspectjweaver-1.6.11.jar;D:\ParcoursConseiller\repository\cglib\cglib\2.2.2\cglib-2.2.2.jar;D:\ParcoursConseiller\repository\org\slf4j\slf4j-log4j12\1.7.5\slf4j-log4j12-1.7.5.jar;D:\ParcoursConseiller\repository\log4j\log4j\1.2.9\log4j-1.2.9.jar;"/>
    <property name="java.vm.specification.version" value="1.7"/>
    <property name="sun.arch.data.model" value="64"/>
    <property name="java.home" value="D:\ParcoursConseiller\Logiciels\jdk1.7.0_51\jre"/>
    <property name="sun.java.command" value="c:\temp\surefirebooter2377820143576611621.jar c:\temp\surefire4841835563455229252tmp c:\temp\surefire7598640317284614216tmp"/>
    <property name="java.specification.vendor" value="Oracle Corporation"/>
    <property name="user.language" value="fr"/>
    <property name="awt.toolkit" value="sun.awt.windows.WToolkit"/>
    <property name="java.vm.info" value="mixed mode"/>
    <property name="java.version" value="1.7.0_51"/>
    <property name="java.ext.dirs" value="D:\ParcoursConseiller\Logiciels\jdk1.7.0_51\jre\lib\ext;C:\Windows\Sun\Java\lib\ext"/>
    <property name="sun.boot.class.path" value="D:\ParcoursConseiller\Logiciels\jdk1.7.0_51\jre\lib\resources.jar;D:\ParcoursConseiller\Logiciels\jdk1.7.0_51\jre\lib\rt.jar;D:\ParcoursConseiller\Logiciels\jdk1.7.0_51\jre\lib\sunrsasign.jar;D:\ParcoursConseiller\Logiciels\jdk1.7.0_51\jre\lib\jsse.jar;D:\ParcoursConseiller\Logiciels\jdk1.7.0_51\jre\lib\jce.jar;D:\ParcoursConseiller\Logiciels\jdk1.7.0_51\jre\lib\charsets.jar;D:\ParcoursConseiller\Logiciels\jdk1.7.0_51\jre\lib\jfr.jar;D:\ParcoursConseiller\Logiciels\jdk1.7.0_51\jre\classes"/>
    <property name="java.vendor" value="Oracle Corporation"/>
    <property name="localRepository" value="D:\ParcoursConseiller\repository"/>
    <property name="file.separator" value="\"/>
    <property name="java.vendor.url.bug" value="http://bugreport.sun.com/bugreport/"/>
    <property name="sun.cpu.endian" value="little"/>
    <property name="sun.io.unicode.encoding" value="UnicodeLittle"/>
    <property name="sun.desktop" value="windows"/>
    <property name="sun.cpu.isalist" value="amd64"/>
  </properties>
  <testcase time="0.488" classname="com.rmc.exception.RmcExceptionFactoryTest" name="testGetNewTechnicalException"/>
  <testcase time="0.002" classname="com.rmc.exception.RmcExceptionFactoryTest" name="testGetMessage"/>
</testsuite>