<?xml version="1.0" encoding="UTF-8" ?>
<testsuite failures="0" time="0" errors="0" skipped="1" tests="1" name="rmc.authenfication.AuthentificationServiceTest">
  <properties>
    <property name="java.runtime.name" value="Java(TM) SE Runtime Environment"/>
    <property name="sun.boot.library.path" value="D:\ParcoursConseiller\Logiciels\jdk1.7.0_51\jre\bin"/>
    <property name="java.vm.version" value="24.51-b03"/>
    <property name="java.vm.vendor" value="Oracle Corporation"/>
    <property name="java.vendor.url" value="http://java.oracle.com/"/>
    <property name="path.separator" value=";"/>
    <property name="java.vm.name" value="Java HotSpot(TM) 64-Bit Server VM"/>
    <property name="file.encoding.pkg" value="sun.io"/>
    <property name="user.script" value=""/>
    <property name="user.country" value="FR"/>
    <property name="sun.java.launcher" value="SUN_STANDARD"/>
    <property name="sun.os.patch.level" value="Service Pack 1"/>
    <property name="java.vm.specification.name" value="Java Virtual Machine Specification"/>
    <property name="user.dir" value="D:\ParcoursConseiller\GIT\repo\ParcoursConseiller\RMC_SuperPOM"/>
    <property name="java.runtime.version" value="1.7.0_51-b13"/>
    <property name="java.awt.graphicsenv" value="sun.awt.Win32GraphicsEnvironment"/>
    <property name="java.endorsed.dirs" value="D:\ParcoursConseiller\Logiciels\jdk1.7.0_51\jre\lib\endorsed"/>
    <property name="os.arch" value="amd64"/>
    <property name="java.io.tmpdir" value="c:\temp\"/>
    <property name="line.separator" value="
"/>
    <property name="java.vm.specification.vendor" value="Oracle Corporation"/>
    <property name="user.variant" value=""/>
    <property name="os.name" value="Windows 7"/>
    <property name="classworlds.conf" value="D:\ParcoursConseiller\workspace\.metadata\.plugins\org.eclipse.m2e.launching\launches\m2conf1034267398731861794.tmp"/>
    <property name="sun.jnu.encoding" value="Cp1252"/>
    <property name="java.library.path" value="D:\ParcoursConseiller\Logiciels\jdk1.7.0_51\bin;C:\Windows\Sun\Java\bin;C:\Windows\system32;C:\Windows;C:\ProgramData\Oracle\Java\javapath;C:\Windows\system32;C:\Windows;C:\Windows\system32\wbem;C:\Windows\system32\windowspowershell\v1.0\;c:\program files (x86)\lenovo\access connections\;c:\program files (x86)\ibm\gsk8\lib;D:\ParcoursConseiller\Logiciels\JDK-8\bin;D:\ParcoursConseiller\Logiciels\maven\apache-maven-2.2.1\bin;C:\PROGRA~2\IBM\SQLLIB\BIN;C:\PROGRA~2\IBM\SQLLIB\FUNCTION;C:\PROGRA~2\IBM\SQLLIB\SAMPLES\REPL;C:\Program Files\nodejs\;C:\Program Files (x86)\Microsoft VS Code\bin;C:\Users\yyahia\AppData\Roaming\npm;."/>
    <property name="java.specification.name" value="Java Platform API Specification"/>
    <property name="java.class.version" value="51.0"/>
    <property name="sun.management.compiler" value="HotSpot 64-Bit Tiered Compilers"/>
    <property name="os.version" value="6.1"/>
    <property name="user.home" value="D:\Users\yyahia"/>
    <property name="user.timezone" value="Europe/Paris"/>
    <property name="java.awt.printerjob" value="sun.awt.windows.WPrinterJob"/>
    <property name="file.encoding" value="UTF-8"/>
    <property name="java.specification.version" value="1.7"/>
    <property name="user.name" value="yyahia"/>
    <property name="java.class.path" value="D:\ParcoursConseiller\Logiciels\maven\apache-maven-2.2.1\boot\classworlds-1.1.jar"/>
    <property name="java.vm.specification.version" value="1.7"/>
    <property name="sun.arch.data.model" value="64"/>
    <property name="java.home" value="D:\ParcoursConseiller\Logiciels\jdk1.7.0_51\jre"/>
    <property name="sun.java.command" value="org.codehaus.classworlds.Launcher -B -s D:\ParcoursConseiller\Logiciels\maven\apache-maven-2.2.1\conf\settings.xml install"/>
    <property name="java.specification.vendor" value="Oracle Corporation"/>
    <property name="user.language" value="fr"/>
    <property name="awt.toolkit" value="sun.awt.windows.WToolkit"/>
    <property name="java.vm.info" value="mixed mode"/>
    <property name="java.version" value="1.7.0_51"/>
    <property name="java.ext.dirs" value="D:\ParcoursConseiller\Logiciels\jdk1.7.0_51\jre\lib\ext;C:\Windows\Sun\Java\lib\ext"/>
    <property name="sun.boot.class.path" value="D:\ParcoursConseiller\Logiciels\jdk1.7.0_51\jre\lib\resources.jar;D:\ParcoursConseiller\Logiciels\jdk1.7.0_51\jre\lib\rt.jar;D:\ParcoursConseiller\Logiciels\jdk1.7.0_51\jre\lib\sunrsasign.jar;D:\ParcoursConseiller\Logiciels\jdk1.7.0_51\jre\lib\jsse.jar;D:\ParcoursConseiller\Logiciels\jdk1.7.0_51\jre\lib\jce.jar;D:\ParcoursConseiller\Logiciels\jdk1.7.0_51\jre\lib\charsets.jar;D:\ParcoursConseiller\Logiciels\jdk1.7.0_51\jre\lib\jfr.jar;D:\ParcoursConseiller\Logiciels\jdk1.7.0_51\jre\classes"/>
    <property name="java.vendor" value="Oracle Corporation"/>
    <property name="maven.home" value="D:\ParcoursConseiller\Logiciels\maven\apache-maven-2.2.1"/>
    <property name="file.separator" value="\"/>
    <property name="java.vendor.url.bug" value="http://bugreport.sun.com/bugreport/"/>
    <property name="maven.bootclasspath" value="D:\ParcoursConseiller\Logiciels\maven\apache-maven-2.2.1\boot\classworlds-1.1.jar"/>
    <property name="sun.cpu.endian" value="little"/>
    <property name="sun.io.unicode.encoding" value="UnicodeLittle"/>
    <property name="sun.desktop" value="windows"/>
    <property name="sun.cpu.isalist" value="amd64"/>
  </properties>
  <testcase time="0" classname="rmc.authenfication.AuthentificationServiceTest" name="rmc.authenfication.AuthentificationServiceTest">
    <skipped/>
  </testcase>
</testsuite>