<?xml version="1.0" encoding="UTF-8" ?>
<testsuite failures="0" time="0.032" errors="0" skipped="1" tests="1" name="rmc.authenfication.AuthentificationServiceTest">
  <properties>
    <property name="java.runtime.name" value="Java(TM) SE Runtime Environment"/>
    <property name="sun.boot.library.path" value="D:\ParcoursConseiller\Logiciels\jdk1.7.0_51\jre\bin"/>
    <property name="java.vm.version" value="24.51-b03"/>
    <property name="java.vm.vendor" value="Oracle Corporation"/>
    <property name="java.vendor.url" value="http://java.oracle.com/"/>
    <property name="path.separator" value=";"/>
    <property name="java.vm.name" value="Java HotSpot(TM) 64-Bit Server VM"/>
    <property name="file.encoding.pkg" value="sun.io"/>
    <property name="user.script" value=""/>
    <property name="user.country" value="FR"/>
    <property name="sun.java.launcher" value="SUN_STANDARD"/>
    <property name="sun.os.patch.level" value="Service Pack 1"/>
    <property name="java.vm.specification.name" value="Java Virtual Machine Specification"/>
    <property name="user.dir" value="D:\ParcoursConseiller\workspace\RMC_Authentification"/>
    <property name="java.runtime.version" value="1.7.0_51-b13"/>
    <property name="java.awt.graphicsenv" value="sun.awt.Win32GraphicsEnvironment"/>
    <property name="basedir" value="D:\ParcoursConseiller\workspace\RMC_Authentification"/>
    <property name="java.endorsed.dirs" value="D:\ParcoursConseiller\Logiciels\jdk1.7.0_51\jre\lib\endorsed"/>
    <property name="os.arch" value="amd64"/>
    <property name="surefire.real.class.path" value="c:\temp\surefirebooter875333697739195634.jar"/>
    <property name="java.io.tmpdir" value="c:\temp\"/>
    <property name="line.separator" value="
"/>
    <property name="java.vm.specification.vendor" value="Oracle Corporation"/>
    <property name="user.variant" value=""/>
    <property name="os.name" value="Windows 7"/>
    <property name="sun.jnu.encoding" value="Cp1252"/>
    <property name="java.library.path" value="D:\ParcoursConseiller\Logiciels\jdk1.7.0_51\jre\bin;C:\Windows\Sun\Java\bin;C:\Windows\system32;C:\Windows;C:\ProgramData\Oracle\Java\javapath;C:\Windows\system32;C:\Windows;C:\Windows\system32\wbem;C:\Windows\system32\windowspowershell\v1.0\;c:\program files (x86)\lenovo\access connections\;c:\program files (x86)\ibm\gsk8\lib;D:\ParcoursConseiller\Logiciels\JDK-8\bin;D:\ParcoursConseiller\Logiciels\maven\apache-maven-2.2.1\bin;C:\PROGRA~2\IBM\SQLLIB\BIN;C:\PROGRA~2\IBM\SQLLIB\FUNCTION;C:\PROGRA~2\IBM\SQLLIB\SAMPLES\REPL;C:\Program Files\nodejs\;C:\Program Files (x86)\Microsoft VS Code\bin;C:\Users\yyahia\AppData\Roaming\npm;."/>
    <property name="surefire.test.class.path" value="D:\ParcoursConseiller\workspace\RMC_Authentification\target\test-classes;D:\ParcoursConseiller\workspace\RMC_Authentification\target\classes;D:\ParcoursConseiller\repository\org\slf4j\slf4j-api\1.7.5\slf4j-api-1.7.5.jar;D:\ParcoursConseiller\repository\junit\junit\4.12\junit-4.12.jar;D:\ParcoursConseiller\repository\org\hamcrest\hamcrest-core\1.3\hamcrest-core-1.3.jar;D:\ParcoursConseiller\repository\io\jsonwebtoken\jjwt\0.5.1\jjwt-0.5.1.jar;D:\ParcoursConseiller\repository\com\fasterxml\jackson\core\jackson-databind\2.4.2\jackson-databind-2.4.2.jar;D:\ParcoursConseiller\repository\com\fasterxml\jackson\core\jackson-annotations\2.4.0\jackson-annotations-2.4.0.jar;D:\ParcoursConseiller\repository\com\fasterxml\jackson\core\jackson-core\2.4.2\jackson-core-2.4.2.jar;D:\ParcoursConseiller\repository\com\voodoodyne\jackson\jsog\jackson-jsog\1.1\jackson-jsog-1.1.jar;D:\ParcoursConseiller\repository\com\edf\rmc\jar\RMC_AOP_Logging\0.0.1-SNAPSHOT\RMC_AOP_Logging-0.0.1-SNAPSHOT.jar;D:\ParcoursConseiller\repository\org\aspectj\aspectjrt\1.6.11\aspectjrt-1.6.11.jar;D:\ParcoursConseiller\repository\org\slf4j\slf4j-log4j12\1.7.5\slf4j-log4j12-1.7.5.jar;D:\ParcoursConseiller\repository\log4j\log4j\1.2.9\log4j-1.2.9.jar;D:\ParcoursConseiller\repository\javax\servlet\jstl\1.2\jstl-1.2.jar;D:\ParcoursConseiller\repository\org\springframework\spring-context\3.0.6.RELEASE\spring-context-3.0.6.RELEASE.jar;D:\ParcoursConseiller\repository\org\springframework\spring-aop\3.0.6.RELEASE\spring-aop-3.0.6.RELEASE.jar;D:\ParcoursConseiller\repository\aopalliance\aopalliance\1.0\aopalliance-1.0.jar;D:\ParcoursConseiller\repository\org\springframework\spring-asm\3.0.6.RELEASE\spring-asm-3.0.6.RELEASE.jar;D:\ParcoursConseiller\repository\org\springframework\spring-beans\3.0.6.RELEASE\spring-beans-3.0.6.RELEASE.jar;D:\ParcoursConseiller\repository\org\springframework\spring-core\3.0.6.RELEASE\spring-core-3.0.6.RELEASE.jar;D:\ParcoursConseiller\repository\commons-logging\commons-logging\1.0.4\commons-logging-1.0.4.jar;D:\ParcoursConseiller\repository\org\springframework\spring-expression\3.0.6.RELEASE\spring-expression-3.0.6.RELEASE.jar;D:\ParcoursConseiller\repository\org\springframework\spring-web\3.0.6.RELEASE\spring-web-3.0.6.RELEASE.jar;D:\ParcoursConseiller\repository\org\springframework\spring-webmvc\3.0.6.RELEASE\spring-webmvc-3.0.6.RELEASE.jar;D:\ParcoursConseiller\repository\org\springframework\spring-context-support\3.0.6.RELEASE\spring-context-support-3.0.6.RELEASE.jar;D:\ParcoursConseiller\repository\org\springframework\spring-test\3.0.6.RELEASE\spring-test-3.0.6.RELEASE.jar;D:\ParcoursConseiller\repository\org\apache\cxf\cxf-rt-frontend-jaxrs\2.4.3\cxf-rt-frontend-jaxrs-2.4.3.jar;D:\ParcoursConseiller\repository\org\apache\cxf\cxf-common-utilities\2.4.3\cxf-common-utilities-2.4.3.jar;D:\ParcoursConseiller\repository\org\apache\ws\xmlschema\xmlschema-core\2.0.1\xmlschema-core-2.0.1.jar;D:\ParcoursConseiller\repository\org\codehaus\woodstox\woodstox-core-asl\4.1.1\woodstox-core-asl-4.1.1.jar;D:\ParcoursConseiller\repository\org\codehaus\woodstox\stax2-api\3.1.1\stax2-api-3.1.1.jar;D:\ParcoursConseiller\repository\org\apache\cxf\cxf-api\2.4.3\cxf-api-2.4.3.jar;D:\ParcoursConseiller\repository\org\apache\neethi\neethi\3.0.1\neethi-3.0.1.jar;D:\ParcoursConseiller\repository\wsdl4j\wsdl4j\1.6.2\wsdl4j-1.6.2.jar;D:\ParcoursConseiller\repository\org\apache\cxf\cxf-rt-core\2.4.3\cxf-rt-core-2.4.3.jar;D:\ParcoursConseiller\repository\com\sun\xml\bind\jaxb-impl\2.2.4-1\jaxb-impl-2.2.4-1.jar;D:\ParcoursConseiller\repository\org\apache\geronimo\specs\geronimo-javamail_1.4_spec\1.7.1\geronimo-javamail_1.4_spec-1.7.1.jar;D:\ParcoursConseiller\repository\javax\ws\rs\jsr311-api\1.1.1\jsr311-api-1.1.1.jar;D:\ParcoursConseiller\repository\org\apache\cxf\cxf-rt-bindings-xml\2.4.3\cxf-rt-bindings-xml-2.4.3.jar;D:\ParcoursConseiller\repository\org\apache\cxf\cxf-rt-transports-http\2.4.3\cxf-rt-transports-http-2.4.3.jar;D:\ParcoursConseiller\repository\org\apache\cxf\cxf-rt-transports-common\2.4.3\cxf-rt-transports-common-2.4.3.jar;D:\ParcoursConseiller\repository\org\codehaus\jettison\jettison\1.3\jettison-1.3.jar;D:\ParcoursConseiller\repository\org\apache\cxf\cxf-rt-frontend-jaxws\2.4.3\cxf-rt-frontend-jaxws-2.4.3.jar;D:\ParcoursConseiller\repository\xml-resolver\xml-resolver\1.2\xml-resolver-1.2.jar;D:\ParcoursConseiller\repository\asm\asm\3.3\asm-3.3.jar;D:\ParcoursConseiller\repository\org\apache\cxf\cxf-rt-bindings-soap\2.4.3\cxf-rt-bindings-soap-2.4.3.jar;D:\ParcoursConseiller\repository\org\apache\cxf\cxf-tools-common\2.4.3\cxf-tools-common-2.4.3.jar;D:\ParcoursConseiller\repository\org\apache\cxf\cxf-rt-databinding-jaxb\2.4.3\cxf-rt-databinding-jaxb-2.4.3.jar;D:\ParcoursConseiller\repository\org\apache\cxf\cxf-rt-frontend-simple\2.4.3\cxf-rt-frontend-simple-2.4.3.jar;D:\ParcoursConseiller\repository\org\apache\cxf\cxf-rt-ws-addr\2.4.3\cxf-rt-ws-addr-2.4.3.jar;D:\ParcoursConseiller\repository\commons-httpclient\commons-httpclient\3.1\commons-httpclient-3.1.jar;D:\ParcoursConseiller\repository\commons-codec\commons-codec\1.2\commons-codec-1.2.jar;D:\ParcoursConseiller\repository\javax\ws\rs\javax.ws.rs-api\2.0.1\javax.ws.rs-api-2.0.1.jar;D:\ParcoursConseiller\repository\org\codehaus\jackson\jackson-jaxrs\1.1.1\jackson-jaxrs-1.1.1.jar;D:\ParcoursConseiller\repository\org\codehaus\jackson\jackson-core-asl\1.1.1\jackson-core-asl-1.1.1.jar;D:\ParcoursConseiller\repository\org\codehaus\jackson\jackson-mapper-asl\1.1.1\jackson-mapper-asl-1.1.1.jar;D:\ParcoursConseiller\repository\org\aspectj\aspectjweaver\1.6.11\aspectjweaver-1.6.11.jar;D:\ParcoursConseiller\repository\cglib\cglib\2.2.2\cglib-2.2.2.jar;D:\ParcoursConseiller\repository\io\dropwizard\dropwizard-core\0.8.0\dropwizard-core-0.8.0.jar;D:\ParcoursConseiller\repository\io\dropwizard\dropwizard-util\0.8.0\dropwizard-util-0.8.0.jar;D:\ParcoursConseiller\repository\com\google\guava\guava\18.0\guava-18.0.jar;D:\ParcoursConseiller\repository\com\google\code\findbugs\jsr305\3.0.0\jsr305-3.0.0.jar;D:\ParcoursConseiller\repository\joda-time\joda-time\2.7\joda-time-2.7.jar;D:\ParcoursConseiller\repository\io\dropwizard\dropwizard-jackson\0.8.0\dropwizard-jackson-0.8.0.jar;D:\ParcoursConseiller\repository\com\fasterxml\jackson\datatype\jackson-datatype-jdk7\2.5.1\jackson-datatype-jdk7-2.5.1.jar;D:\ParcoursConseiller\repository\com\fasterxml\jackson\datatype\jackson-datatype-guava\2.5.1\jackson-datatype-guava-2.5.1.jar;D:\ParcoursConseiller\repository\com\fasterxml\jackson\module\jackson-module-afterburner\2.5.1\jackson-module-afterburner-2.5.1.jar;D:\ParcoursConseiller\repository\com\fasterxml\jackson\datatype\jackson-datatype-joda\2.5.1\jackson-datatype-joda-2.5.1.jar;D:\ParcoursConseiller\repository\ch\qos\logback\logback-classic\1.1.2\logback-classic-1.1.2.jar;D:\ParcoursConseiller\repository\ch\qos\logback\logback-core\1.1.2\logback-core-1.1.2.jar;D:\ParcoursConseiller\repository\io\dropwizard\dropwizard-validation\0.8.0\dropwizard-validation-0.8.0.jar;D:\ParcoursConseiller\repository\org\hibernate\hibernate-validator\5.1.3.Final\hibernate-validator-5.1.3.Final.jar;D:\ParcoursConseiller\repository\javax\validation\validation-api\1.1.0.Final\validation-api-1.1.0.Final.jar;D:\ParcoursConseiller\repository\org\jboss\logging\jboss-logging\3.1.3.GA\jboss-logging-3.1.3.GA.jar;D:\ParcoursConseiller\repository\com\fasterxml\classmate\1.0.0\classmate-1.0.0.jar;D:\ParcoursConseiller\repository\org\glassfish\javax.el\3.0.0\javax.el-3.0.0.jar;D:\ParcoursConseiller\repository\io\dropwizard\dropwizard-configuration\0.8.0\dropwizard-configuration-0.8.0.jar;D:\ParcoursConseiller\repository\com\fasterxml\jackson\dataformat\jackson-dataformat-yaml\2.5.1\jackson-dataformat-yaml-2.5.1.jar;D:\ParcoursConseiller\repository\org\yaml\snakeyaml\1.12\snakeyaml-1.12.jar;D:\ParcoursConseiller\repository\org\apache\commons\commons-lang3\3.3.2\commons-lang3-3.3.2.jar;D:\ParcoursConseiller\repository\io\dropwizard\dropwizard-logging\0.8.0\dropwizard-logging-0.8.0.jar;D:\ParcoursConseiller\repository\io\dropwizard\metrics\metrics-logback\3.1.0\metrics-logback-3.1.0.jar;D:\ParcoursConseiller\repository\io\dropwizard\metrics\metrics-core\3.1.0\metrics-core-3.1.0.jar;D:\ParcoursConseiller\repository\org\slf4j\jul-to-slf4j\1.7.10\jul-to-slf4j-1.7.10.jar;D:\ParcoursConseiller\repository\org\slf4j\log4j-over-slf4j\1.7.10\log4j-over-slf4j-1.7.10.jar;D:\ParcoursConseiller\repository\org\slf4j\jcl-over-slf4j\1.7.10\jcl-over-slf4j-1.7.10.jar;D:\ParcoursConseiller\repository\org\eclipse\jetty\jetty-util\9.2.9.v20150224\jetty-util-9.2.9.v20150224.jar;D:\ParcoursConseiller\repository\io\dropwizard\dropwizard-metrics\0.8.0\dropwizard-metrics-0.8.0.jar;D:\ParcoursConseiller\repository\io\dropwizard\dropwizard-lifecycle\0.8.0\dropwizard-lifecycle-0.8.0.jar;D:\ParcoursConseiller\repository\org\eclipse\jetty\jetty-server\9.2.9.v20150224\jetty-server-9.2.9.v20150224.jar;D:\ParcoursConseiller\repository\javax\servlet\javax.servlet-api\3.1.0\javax.servlet-api-3.1.0.jar;D:\ParcoursConseiller\repository\org\eclipse\jetty\jetty-http\9.2.9.v20150224\jetty-http-9.2.9.v20150224.jar;D:\ParcoursConseiller\repository\org\eclipse\jetty\jetty-io\9.2.9.v20150224\jetty-io-9.2.9.v20150224.jar;D:\ParcoursConseiller\repository\io\dropwizard\dropwizard-jersey\0.8.0\dropwizard-jersey-0.8.0.jar;D:\ParcoursConseiller\repository\org\glassfish\jersey\core\jersey-server\2.16\jersey-server-2.16.jar;D:\ParcoursConseiller\repository\org\glassfish\jersey\core\jersey-common\2.16\jersey-common-2.16.jar;D:\ParcoursConseiller\repository\javax\annotation\javax.annotation-api\1.2\javax.annotation-api-1.2.jar;D:\ParcoursConseiller\repository\org\glassfish\jersey\bundles\repackaged\jersey-guava\2.16\jersey-guava-2.16.jar;D:\ParcoursConseiller\repository\org\glassfish\hk2\hk2-api\2.4.0-b09\hk2-api-2.4.0-b09.jar;D:\ParcoursConseiller\repository\org\glassfish\hk2\hk2-utils\2.4.0-b09\hk2-utils-2.4.0-b09.jar;D:\ParcoursConseiller\repository\org\glassfish\hk2\external\aopalliance-repackaged\2.4.0-b09\aopalliance-repackaged-2.4.0-b09.jar;D:\ParcoursConseiller\repository\org\glassfish\hk2\external\javax.inject\2.4.0-b09\javax.inject-2.4.0-b09.jar;D:\ParcoursConseiller\repository\org\glassfish\hk2\hk2-locator\2.4.0-b09\hk2-locator-2.4.0-b09.jar;D:\ParcoursConseiller\repository\org\javassist\javassist\3.18.1-GA\javassist-3.18.1-GA.jar;D:\ParcoursConseiller\repository\org\glassfish\hk2\osgi-resource-locator\1.0.1\osgi-resource-locator-1.0.1.jar;D:\ParcoursConseiller\repository\org\glassfish\jersey\core\jersey-client\2.16\jersey-client-2.16.jar;D:\ParcoursConseiller\repository\org\glassfish\jersey\media\jersey-media-jaxb\2.16\jersey-media-jaxb-2.16.jar;D:\ParcoursConseiller\repository\org\glassfish\jersey\ext\jersey-metainf-services\2.16\jersey-metainf-services-2.16.jar;D:\ParcoursConseiller\repository\io\dropwizard\metrics\metrics-jersey2\3.1.0\metrics-jersey2-3.1.0.jar;D:\ParcoursConseiller\repository\io\dropwizard\metrics\metrics-annotation\3.1.0\metrics-annotation-3.1.0.jar;D:\ParcoursConseiller\repository\com\fasterxml\jackson\jaxrs\jackson-jaxrs-json-provider\2.5.1\jackson-jaxrs-json-provider-2.5.1.jar;D:\ParcoursConseiller\repository\com\fasterxml\jackson\jaxrs\jackson-jaxrs-base\2.5.1\jackson-jaxrs-base-2.5.1.jar;D:\ParcoursConseiller\repository\com\fasterxml\jackson\module\jackson-module-jaxb-annotations\2.5.1\jackson-module-jaxb-annotations-2.5.1.jar;D:\ParcoursConseiller\repository\org\glassfish\jersey\containers\jersey-container-servlet\2.16\jersey-container-servlet-2.16.jar;D:\ParcoursConseiller\repository\org\glassfish\jersey\containers\jersey-container-servlet-core\2.16\jersey-container-servlet-core-2.16.jar;D:\ParcoursConseiller\repository\org\eclipse\jetty\jetty-webapp\9.2.9.v20150224\jetty-webapp-9.2.9.v20150224.jar;D:\ParcoursConseiller\repository\org\eclipse\jetty\jetty-xml\9.2.9.v20150224\jetty-xml-9.2.9.v20150224.jar;D:\ParcoursConseiller\repository\org\eclipse\jetty\jetty-servlet\9.2.9.v20150224\jetty-servlet-9.2.9.v20150224.jar;D:\ParcoursConseiller\repository\org\eclipse\jetty\jetty-security\9.2.9.v20150224\jetty-security-9.2.9.v20150224.jar;D:\ParcoursConseiller\repository\org\eclipse\jetty\jetty-continuation\9.2.9.v20150224\jetty-continuation-9.2.9.v20150224.jar;D:\ParcoursConseiller\repository\io\dropwizard\dropwizard-servlets\0.8.0\dropwizard-servlets-0.8.0.jar;D:\ParcoursConseiller\repository\io\dropwizard\dropwizard-jetty\0.8.0\dropwizard-jetty-0.8.0.jar;D:\ParcoursConseiller\repository\io\dropwizard\metrics\metrics-jetty9\3.1.0\metrics-jetty9-3.1.0.jar;D:\ParcoursConseiller\repository\org\eclipse\jetty\jetty-servlets\9.2.9.v20150224\jetty-servlets-9.2.9.v20150224.jar;D:\ParcoursConseiller\repository\io\dropwizard\metrics\metrics-jvm\3.1.0\metrics-jvm-3.1.0.jar;D:\ParcoursConseiller\repository\io\dropwizard\metrics\metrics-servlets\3.1.0\metrics-servlets-3.1.0.jar;D:\ParcoursConseiller\repository\io\dropwizard\metrics\metrics-healthchecks\3.1.0\metrics-healthchecks-3.1.0.jar;D:\ParcoursConseiller\repository\io\dropwizard\metrics\metrics-json\3.1.0\metrics-json-3.1.0.jar;D:\ParcoursConseiller\repository\net\sourceforge\argparse4j\argparse4j\0.4.4\argparse4j-0.4.4.jar;D:\ParcoursConseiller\repository\org\eclipse\jetty\toolchain\setuid\jetty-setuid-java\1.0.2\jetty-setuid-java-1.0.2.jar;D:\ParcoursConseiller\repository\io\dropwizard\dropwizard-auth\0.8.0\dropwizard-auth-0.8.0.jar;D:\ParcoursConseiller\repository\io\dropwizard\dropwizard-assets\0.8.0\dropwizard-assets-0.8.0.jar;D:\ParcoursConseiller\repository\io\dropwizard\dropwizard-spdy\0.8.0\dropwizard-spdy-0.8.0.jar;D:\ParcoursConseiller\repository\org\eclipse\jetty\spdy\spdy-http-server\9.2.9.v20150224\spdy-http-server-9.2.9.v20150224.jar;D:\ParcoursConseiller\repository\org\eclipse\jetty\spdy\spdy-http-common\9.2.9.v20150224\spdy-http-common-9.2.9.v20150224.jar;D:\ParcoursConseiller\repository\org\eclipse\jetty\spdy\spdy-core\9.2.9.v20150224\spdy-core-9.2.9.v20150224.jar;D:\ParcoursConseiller\repository\org\eclipse\jetty\spdy\spdy-server\9.2.9.v20150224\spdy-server-9.2.9.v20150224.jar;D:\ParcoursConseiller\repository\org\eclipse\jetty\spdy\spdy-client\9.2.9.v20150224\spdy-client-9.2.9.v20150224.jar;D:\ParcoursConseiller\repository\org\eclipse\jetty\jetty-alpn-client\9.2.9.v20150224\jetty-alpn-client-9.2.9.v20150224.jar;D:\ParcoursConseiller\repository\org\eclipse\jetty\jetty-client\9.2.9.v20150224\jetty-client-9.2.9.v20150224.jar;D:\ParcoursConseiller\repository\org\eclipse\jetty\jetty-alpn-server\9.2.9.v20150224\jetty-alpn-server-9.2.9.v20150224.jar;D:\ParcoursConseiller\repository\io\dropwizard\dropwizard-hibernate\0.8.0\dropwizard-hibernate-0.8.0.jar;D:\ParcoursConseiller\repository\io\dropwizard\dropwizard-db\0.8.0\dropwizard-db-0.8.0.jar;D:\ParcoursConseiller\repository\org\apache\tomcat\tomcat-jdbc\8.0.18\tomcat-jdbc-8.0.18.jar;D:\ParcoursConseiller\repository\org\apache\tomcat\tomcat-juli\8.0.18\tomcat-juli-8.0.18.jar;D:\ParcoursConseiller\repository\com\fasterxml\jackson\datatype\jackson-datatype-hibernate4\2.5.1\jackson-datatype-hibernate4-2.5.1.jar;D:\ParcoursConseiller\repository\org\jadira\usertype\usertype.core\3.2.0.GA\usertype.core-3.2.0.GA.jar;D:\ParcoursConseiller\repository\org\jadira\usertype\usertype.spi\3.2.0.GA\usertype.spi-3.2.0.GA.jar;D:\ParcoursConseiller\repository\org\hibernate\hibernate-core\4.3.5.Final\hibernate-core-4.3.5.Final.jar;D:\ParcoursConseiller\repository\org\jboss\logging\jboss-logging-annotations\1.2.0.Beta1\jboss-logging-annotations-1.2.0.Beta1.jar;D:\ParcoursConseiller\repository\org\jboss\spec\javax\transaction\jboss-transaction-api_1.2_spec\1.0.0.Final\jboss-transaction-api_1.2_spec-1.0.0.Final.jar;D:\ParcoursConseiller\repository\dom4j\dom4j\1.6.1\dom4j-1.6.1.jar;D:\ParcoursConseiller\repository\xml-apis\xml-apis\1.0.b2\xml-apis-1.0.b2.jar;D:\ParcoursConseiller\repository\org\hibernate\common\hibernate-commons-annotations\4.0.4.Final\hibernate-commons-annotations-4.0.4.Final.jar;D:\ParcoursConseiller\repository\org\hibernate\javax\persistence\hibernate-jpa-2.1-api\1.0.0.Final\hibernate-jpa-2.1-api-1.0.0.Final.jar;D:\ParcoursConseiller\repository\antlr\antlr\2.7.7\antlr-2.7.7.jar;D:\ParcoursConseiller\repository\org\jboss\jandex\1.1.0.Final\jandex-1.1.0.Final.jar;D:\ParcoursConseiller\repository\io\dropwizard\dropwizard-migrations\0.8.0\dropwizard-migrations-0.8.0.jar;D:\ParcoursConseiller\repository\org\liquibase\liquibase-core\3.3.2\liquibase-core-3.3.2.jar;D:\ParcoursConseiller\repository\com\mattbertolini\liquibase-slf4j\1.2.1\liquibase-slf4j-1.2.1.jar;D:\ParcoursConseiller\repository\io\dropwizard\dropwizard-testing\0.8.0\dropwizard-testing-0.8.0.jar;D:\ParcoursConseiller\repository\org\mockito\mockito-core\1.10.17\mockito-core-1.10.17.jar;D:\ParcoursConseiller\repository\org\objenesis\objenesis\2.1\objenesis-2.1.jar;D:\ParcoursConseiller\repository\org\assertj\assertj-core\1.7.1\assertj-core-1.7.1.jar;D:\ParcoursConseiller\repository\org\glassfish\jersey\test-framework\providers\jersey-test-framework-provider-inmemory\2.16\jersey-test-framework-provider-inmemory-2.16.jar;D:\ParcoursConseiller\repository\org\glassfish\jersey\test-framework\jersey-test-framework-core\2.16\jersey-test-framework-core-2.16.jar;D:\ParcoursConseiller\repository\org\ow2\asm\asm-debug-all\5.0.2\asm-debug-all-5.0.2.jar;D:\ParcoursConseiller\repository\org\mindrot\jbcrypt\0.3m\jbcrypt-0.3m.jar;D:\ParcoursConseiller\repository\io\dropwizard\dropwizard-client\0.8.0\dropwizard-client-0.8.0.jar;D:\ParcoursConseiller\repository\io\dropwizard\metrics\metrics-httpclient\3.1.0\metrics-httpclient-3.1.0.jar;D:\ParcoursConseiller\repository\org\apache\httpcomponents\httpclient\4.3.5\httpclient-4.3.5.jar;D:\ParcoursConseiller\repository\org\apache\httpcomponents\httpcore\4.3.2\httpcore-4.3.2.jar;D:\ParcoursConseiller\repository\org\glassfish\jersey\connectors\jersey-apache-connector\2.16\jersey-apache-connector-2.16.jar;D:\ParcoursConseiller\repository\com\nimbusds\nimbus-jose-jwt\3.1.1\nimbus-jose-jwt-3.1.1.jar;D:\ParcoursConseiller\repository\net\jcip\jcip-annotations\1.0\jcip-annotations-1.0.jar;D:\ParcoursConseiller\repository\net\minidev\json-smart\1.1.1\json-smart-1.1.1.jar;D:\ParcoursConseiller\repository\org\bouncycastle\bcprov-jdk15on\1.51\bcprov-jdk15on-1.51.jar;D:\ParcoursConseiller\repository\commons-lang\commons-lang\2.6\commons-lang-2.6.jar;D:\ParcoursConseiller\repository\com\edf\rmc\jar\RMC_Communs\0.0.1-SNAPSHOT\RMC_Communs-0.0.1-SNAPSHOT.jar;"/>
    <property name="java.specification.name" value="Java Platform API Specification"/>
    <property name="java.class.version" value="51.0"/>
    <property name="sun.management.compiler" value="HotSpot 64-Bit Tiered Compilers"/>
    <property name="os.version" value="6.1"/>
    <property name="user.home" value="D:\Users\yyahia"/>
    <property name="user.timezone" value=""/>
    <property name="java.awt.printerjob" value="sun.awt.windows.WPrinterJob"/>
    <property name="java.specification.version" value="1.7"/>
    <property name="file.encoding" value="Cp1252"/>
    <property name="user.name" value="yyahia"/>
    <property name="java.class.path" value="D:\ParcoursConseiller\workspace\RMC_Authentification\target\test-classes;D:\ParcoursConseiller\workspace\RMC_Authentification\target\classes;D:\ParcoursConseiller\repository\org\slf4j\slf4j-api\1.7.5\slf4j-api-1.7.5.jar;D:\ParcoursConseiller\repository\junit\junit\4.12\junit-4.12.jar;D:\ParcoursConseiller\repository\org\hamcrest\hamcrest-core\1.3\hamcrest-core-1.3.jar;D:\ParcoursConseiller\repository\io\jsonwebtoken\jjwt\0.5.1\jjwt-0.5.1.jar;D:\ParcoursConseiller\repository\com\fasterxml\jackson\core\jackson-databind\2.4.2\jackson-databind-2.4.2.jar;D:\ParcoursConseiller\repository\com\fasterxml\jackson\core\jackson-annotations\2.4.0\jackson-annotations-2.4.0.jar;D:\ParcoursConseiller\repository\com\fasterxml\jackson\core\jackson-core\2.4.2\jackson-core-2.4.2.jar;D:\ParcoursConseiller\repository\com\voodoodyne\jackson\jsog\jackson-jsog\1.1\jackson-jsog-1.1.jar;D:\ParcoursConseiller\repository\com\edf\rmc\jar\RMC_AOP_Logging\0.0.1-SNAPSHOT\RMC_AOP_Logging-0.0.1-SNAPSHOT.jar;D:\ParcoursConseiller\repository\org\aspectj\aspectjrt\1.6.11\aspectjrt-1.6.11.jar;D:\ParcoursConseiller\repository\org\slf4j\slf4j-log4j12\1.7.5\slf4j-log4j12-1.7.5.jar;D:\ParcoursConseiller\repository\log4j\log4j\1.2.9\log4j-1.2.9.jar;D:\ParcoursConseiller\repository\javax\servlet\jstl\1.2\jstl-1.2.jar;D:\ParcoursConseiller\repository\org\springframework\spring-context\3.0.6.RELEASE\spring-context-3.0.6.RELEASE.jar;D:\ParcoursConseiller\repository\org\springframework\spring-aop\3.0.6.RELEASE\spring-aop-3.0.6.RELEASE.jar;D:\ParcoursConseiller\repository\aopalliance\aopalliance\1.0\aopalliance-1.0.jar;D:\ParcoursConseiller\repository\org\springframework\spring-asm\3.0.6.RELEASE\spring-asm-3.0.6.RELEASE.jar;D:\ParcoursConseiller\repository\org\springframework\spring-beans\3.0.6.RELEASE\spring-beans-3.0.6.RELEASE.jar;D:\ParcoursConseiller\repository\org\springframework\spring-core\3.0.6.RELEASE\spring-core-3.0.6.RELEASE.jar;D:\ParcoursConseiller\repository\commons-logging\commons-logging\1.0.4\commons-logging-1.0.4.jar;D:\ParcoursConseiller\repository\org\springframework\spring-expression\3.0.6.RELEASE\spring-expression-3.0.6.RELEASE.jar;D:\ParcoursConseiller\repository\org\springframework\spring-web\3.0.6.RELEASE\spring-web-3.0.6.RELEASE.jar;D:\ParcoursConseiller\repository\org\springframework\spring-webmvc\3.0.6.RELEASE\spring-webmvc-3.0.6.RELEASE.jar;D:\ParcoursConseiller\repository\org\springframework\spring-context-support\3.0.6.RELEASE\spring-context-support-3.0.6.RELEASE.jar;D:\ParcoursConseiller\repository\org\springframework\spring-test\3.0.6.RELEASE\spring-test-3.0.6.RELEASE.jar;D:\ParcoursConseiller\repository\org\apache\cxf\cxf-rt-frontend-jaxrs\2.4.3\cxf-rt-frontend-jaxrs-2.4.3.jar;D:\ParcoursConseiller\repository\org\apache\cxf\cxf-common-utilities\2.4.3\cxf-common-utilities-2.4.3.jar;D:\ParcoursConseiller\repository\org\apache\ws\xmlschema\xmlschema-core\2.0.1\xmlschema-core-2.0.1.jar;D:\ParcoursConseiller\repository\org\codehaus\woodstox\woodstox-core-asl\4.1.1\woodstox-core-asl-4.1.1.jar;D:\ParcoursConseiller\repository\org\codehaus\woodstox\stax2-api\3.1.1\stax2-api-3.1.1.jar;D:\ParcoursConseiller\repository\org\apache\cxf\cxf-api\2.4.3\cxf-api-2.4.3.jar;D:\ParcoursConseiller\repository\org\apache\neethi\neethi\3.0.1\neethi-3.0.1.jar;D:\ParcoursConseiller\repository\wsdl4j\wsdl4j\1.6.2\wsdl4j-1.6.2.jar;D:\ParcoursConseiller\repository\org\apache\cxf\cxf-rt-core\2.4.3\cxf-rt-core-2.4.3.jar;D:\ParcoursConseiller\repository\com\sun\xml\bind\jaxb-impl\2.2.4-1\jaxb-impl-2.2.4-1.jar;D:\ParcoursConseiller\repository\org\apache\geronimo\specs\geronimo-javamail_1.4_spec\1.7.1\geronimo-javamail_1.4_spec-1.7.1.jar;D:\ParcoursConseiller\repository\javax\ws\rs\jsr311-api\1.1.1\jsr311-api-1.1.1.jar;D:\ParcoursConseiller\repository\org\apache\cxf\cxf-rt-bindings-xml\2.4.3\cxf-rt-bindings-xml-2.4.3.jar;D:\ParcoursConseiller\repository\org\apache\cxf\cxf-rt-transports-http\2.4.3\cxf-rt-transports-http-2.4.3.jar;D:\ParcoursConseiller\repository\org\apache\cxf\cxf-rt-transports-common\2.4.3\cxf-rt-transports-common-2.4.3.jar;D:\ParcoursConseiller\repository\org\codehaus\jettison\jettison\1.3\jettison-1.3.jar;D:\ParcoursConseiller\repository\org\apache\cxf\cxf-rt-frontend-jaxws\2.4.3\cxf-rt-frontend-jaxws-2.4.3.jar;D:\ParcoursConseiller\repository\xml-resolver\xml-resolver\1.2\xml-resolver-1.2.jar;D:\ParcoursConseiller\repository\asm\asm\3.3\asm-3.3.jar;D:\ParcoursConseiller\repository\org\apache\cxf\cxf-rt-bindings-soap\2.4.3\cxf-rt-bindings-soap-2.4.3.jar;D:\ParcoursConseiller\repository\org\apache\cxf\cxf-tools-common\2.4.3\cxf-tools-common-2.4.3.jar;D:\ParcoursConseiller\repository\org\apache\cxf\cxf-rt-databinding-jaxb\2.4.3\cxf-rt-databinding-jaxb-2.4.3.jar;D:\ParcoursConseiller\repository\org\apache\cxf\cxf-rt-frontend-simple\2.4.3\cxf-rt-frontend-simple-2.4.3.jar;D:\ParcoursConseiller\repository\org\apache\cxf\cxf-rt-ws-addr\2.4.3\cxf-rt-ws-addr-2.4.3.jar;D:\ParcoursConseiller\repository\commons-httpclient\commons-httpclient\3.1\commons-httpclient-3.1.jar;D:\ParcoursConseiller\repository\commons-codec\commons-codec\1.2\commons-codec-1.2.jar;D:\ParcoursConseiller\repository\javax\ws\rs\javax.ws.rs-api\2.0.1\javax.ws.rs-api-2.0.1.jar;D:\ParcoursConseiller\repository\org\codehaus\jackson\jackson-jaxrs\1.1.1\jackson-jaxrs-1.1.1.jar;D:\ParcoursConseiller\repository\org\codehaus\jackson\jackson-core-asl\1.1.1\jackson-core-asl-1.1.1.jar;D:\ParcoursConseiller\repository\org\codehaus\jackson\jackson-mapper-asl\1.1.1\jackson-mapper-asl-1.1.1.jar;D:\ParcoursConseiller\repository\org\aspectj\aspectjweaver\1.6.11\aspectjweaver-1.6.11.jar;D:\ParcoursConseiller\repository\cglib\cglib\2.2.2\cglib-2.2.2.jar;D:\ParcoursConseiller\repository\io\dropwizard\dropwizard-core\0.8.0\dropwizard-core-0.8.0.jar;D:\ParcoursConseiller\repository\io\dropwizard\dropwizard-util\0.8.0\dropwizard-util-0.8.0.jar;D:\ParcoursConseiller\repository\com\google\guava\guava\18.0\guava-18.0.jar;D:\ParcoursConseiller\repository\com\google\code\findbugs\jsr305\3.0.0\jsr305-3.0.0.jar;D:\ParcoursConseiller\repository\joda-time\joda-time\2.7\joda-time-2.7.jar;D:\ParcoursConseiller\repository\io\dropwizard\dropwizard-jackson\0.8.0\dropwizard-jackson-0.8.0.jar;D:\ParcoursConseiller\repository\com\fasterxml\jackson\datatype\jackson-datatype-jdk7\2.5.1\jackson-datatype-jdk7-2.5.1.jar;D:\ParcoursConseiller\repository\com\fasterxml\jackson\datatype\jackson-datatype-guava\2.5.1\jackson-datatype-guava-2.5.1.jar;D:\ParcoursConseiller\repository\com\fasterxml\jackson\module\jackson-module-afterburner\2.5.1\jackson-module-afterburner-2.5.1.jar;D:\ParcoursConseiller\repository\com\fasterxml\jackson\datatype\jackson-datatype-joda\2.5.1\jackson-datatype-joda-2.5.1.jar;D:\ParcoursConseiller\repository\ch\qos\logback\logback-classic\1.1.2\logback-classic-1.1.2.jar;D:\ParcoursConseiller\repository\ch\qos\logback\logback-core\1.1.2\logback-core-1.1.2.jar;D:\ParcoursConseiller\repository\io\dropwizard\dropwizard-validation\0.8.0\dropwizard-validation-0.8.0.jar;D:\ParcoursConseiller\repository\org\hibernate\hibernate-validator\5.1.3.Final\hibernate-validator-5.1.3.Final.jar;D:\ParcoursConseiller\repository\javax\validation\validation-api\1.1.0.Final\validation-api-1.1.0.Final.jar;D:\ParcoursConseiller\repository\org\jboss\logging\jboss-logging\3.1.3.GA\jboss-logging-3.1.3.GA.jar;D:\ParcoursConseiller\repository\com\fasterxml\classmate\1.0.0\classmate-1.0.0.jar;D:\ParcoursConseiller\repository\org\glassfish\javax.el\3.0.0\javax.el-3.0.0.jar;D:\ParcoursConseiller\repository\io\dropwizard\dropwizard-configuration\0.8.0\dropwizard-configuration-0.8.0.jar;D:\ParcoursConseiller\repository\com\fasterxml\jackson\dataformat\jackson-dataformat-yaml\2.5.1\jackson-dataformat-yaml-2.5.1.jar;D:\ParcoursConseiller\repository\org\yaml\snakeyaml\1.12\snakeyaml-1.12.jar;D:\ParcoursConseiller\repository\org\apache\commons\commons-lang3\3.3.2\commons-lang3-3.3.2.jar;D:\ParcoursConseiller\repository\io\dropwizard\dropwizard-logging\0.8.0\dropwizard-logging-0.8.0.jar;D:\ParcoursConseiller\repository\io\dropwizard\metrics\metrics-logback\3.1.0\metrics-logback-3.1.0.jar;D:\ParcoursConseiller\repository\io\dropwizard\metrics\metrics-core\3.1.0\metrics-core-3.1.0.jar;D:\ParcoursConseiller\repository\org\slf4j\jul-to-slf4j\1.7.10\jul-to-slf4j-1.7.10.jar;D:\ParcoursConseiller\repository\org\slf4j\log4j-over-slf4j\1.7.10\log4j-over-slf4j-1.7.10.jar;D:\ParcoursConseiller\repository\org\slf4j\jcl-over-slf4j\1.7.10\jcl-over-slf4j-1.7.10.jar;D:\ParcoursConseiller\repository\org\eclipse\jetty\jetty-util\9.2.9.v20150224\jetty-util-9.2.9.v20150224.jar;D:\ParcoursConseiller\repository\io\dropwizard\dropwizard-metrics\0.8.0\dropwizard-metrics-0.8.0.jar;D:\ParcoursConseiller\repository\io\dropwizard\dropwizard-lifecycle\0.8.0\dropwizard-lifecycle-0.8.0.jar;D:\ParcoursConseiller\repository\org\eclipse\jetty\jetty-server\9.2.9.v20150224\jetty-server-9.2.9.v20150224.jar;D:\ParcoursConseiller\repository\javax\servlet\javax.servlet-api\3.1.0\javax.servlet-api-3.1.0.jar;D:\ParcoursConseiller\repository\org\eclipse\jetty\jetty-http\9.2.9.v20150224\jetty-http-9.2.9.v20150224.jar;D:\ParcoursConseiller\repository\org\eclipse\jetty\jetty-io\9.2.9.v20150224\jetty-io-9.2.9.v20150224.jar;D:\ParcoursConseiller\repository\io\dropwizard\dropwizard-jersey\0.8.0\dropwizard-jersey-0.8.0.jar;D:\ParcoursConseiller\repository\org\glassfish\jersey\core\jersey-server\2.16\jersey-server-2.16.jar;D:\ParcoursConseiller\repository\org\glassfish\jersey\core\jersey-common\2.16\jersey-common-2.16.jar;D:\ParcoursConseiller\repository\javax\annotation\javax.annotation-api\1.2\javax.annotation-api-1.2.jar;D:\ParcoursConseiller\repository\org\glassfish\jersey\bundles\repackaged\jersey-guava\2.16\jersey-guava-2.16.jar;D:\ParcoursConseiller\repository\org\glassfish\hk2\hk2-api\2.4.0-b09\hk2-api-2.4.0-b09.jar;D:\ParcoursConseiller\repository\org\glassfish\hk2\hk2-utils\2.4.0-b09\hk2-utils-2.4.0-b09.jar;D:\ParcoursConseiller\repository\org\glassfish\hk2\external\aopalliance-repackaged\2.4.0-b09\aopalliance-repackaged-2.4.0-b09.jar;D:\ParcoursConseiller\repository\org\glassfish\hk2\external\javax.inject\2.4.0-b09\javax.inject-2.4.0-b09.jar;D:\ParcoursConseiller\repository\org\glassfish\hk2\hk2-locator\2.4.0-b09\hk2-locator-2.4.0-b09.jar;D:\ParcoursConseiller\repository\org\javassist\javassist\3.18.1-GA\javassist-3.18.1-GA.jar;D:\ParcoursConseiller\repository\org\glassfish\hk2\osgi-resource-locator\1.0.1\osgi-resource-locator-1.0.1.jar;D:\ParcoursConseiller\repository\org\glassfish\jersey\core\jersey-client\2.16\jersey-client-2.16.jar;D:\ParcoursConseiller\repository\org\glassfish\jersey\media\jersey-media-jaxb\2.16\jersey-media-jaxb-2.16.jar;D:\ParcoursConseiller\repository\org\glassfish\jersey\ext\jersey-metainf-services\2.16\jersey-metainf-services-2.16.jar;D:\ParcoursConseiller\repository\io\dropwizard\metrics\metrics-jersey2\3.1.0\metrics-jersey2-3.1.0.jar;D:\ParcoursConseiller\repository\io\dropwizard\metrics\metrics-annotation\3.1.0\metrics-annotation-3.1.0.jar;D:\ParcoursConseiller\repository\com\fasterxml\jackson\jaxrs\jackson-jaxrs-json-provider\2.5.1\jackson-jaxrs-json-provider-2.5.1.jar;D:\ParcoursConseiller\repository\com\fasterxml\jackson\jaxrs\jackson-jaxrs-base\2.5.1\jackson-jaxrs-base-2.5.1.jar;D:\ParcoursConseiller\repository\com\fasterxml\jackson\module\jackson-module-jaxb-annotations\2.5.1\jackson-module-jaxb-annotations-2.5.1.jar;D:\ParcoursConseiller\repository\org\glassfish\jersey\containers\jersey-container-servlet\2.16\jersey-container-servlet-2.16.jar;D:\ParcoursConseiller\repository\org\glassfish\jersey\containers\jersey-container-servlet-core\2.16\jersey-container-servlet-core-2.16.jar;D:\ParcoursConseiller\repository\org\eclipse\jetty\jetty-webapp\9.2.9.v20150224\jetty-webapp-9.2.9.v20150224.jar;D:\ParcoursConseiller\repository\org\eclipse\jetty\jetty-xml\9.2.9.v20150224\jetty-xml-9.2.9.v20150224.jar;D:\ParcoursConseiller\repository\org\eclipse\jetty\jetty-servlet\9.2.9.v20150224\jetty-servlet-9.2.9.v20150224.jar;D:\ParcoursConseiller\repository\org\eclipse\jetty\jetty-security\9.2.9.v20150224\jetty-security-9.2.9.v20150224.jar;D:\ParcoursConseiller\repository\org\eclipse\jetty\jetty-continuation\9.2.9.v20150224\jetty-continuation-9.2.9.v20150224.jar;D:\ParcoursConseiller\repository\io\dropwizard\dropwizard-servlets\0.8.0\dropwizard-servlets-0.8.0.jar;D:\ParcoursConseiller\repository\io\dropwizard\dropwizard-jetty\0.8.0\dropwizard-jetty-0.8.0.jar;D:\ParcoursConseiller\repository\io\dropwizard\metrics\metrics-jetty9\3.1.0\metrics-jetty9-3.1.0.jar;D:\ParcoursConseiller\repository\org\eclipse\jetty\jetty-servlets\9.2.9.v20150224\jetty-servlets-9.2.9.v20150224.jar;D:\ParcoursConseiller\repository\io\dropwizard\metrics\metrics-jvm\3.1.0\metrics-jvm-3.1.0.jar;D:\ParcoursConseiller\repository\io\dropwizard\metrics\metrics-servlets\3.1.0\metrics-servlets-3.1.0.jar;D:\ParcoursConseiller\repository\io\dropwizard\metrics\metrics-healthchecks\3.1.0\metrics-healthchecks-3.1.0.jar;D:\ParcoursConseiller\repository\io\dropwizard\metrics\metrics-json\3.1.0\metrics-json-3.1.0.jar;D:\ParcoursConseiller\repository\net\sourceforge\argparse4j\argparse4j\0.4.4\argparse4j-0.4.4.jar;D:\ParcoursConseiller\repository\org\eclipse\jetty\toolchain\setuid\jetty-setuid-java\1.0.2\jetty-setuid-java-1.0.2.jar;D:\ParcoursConseiller\repository\io\dropwizard\dropwizard-auth\0.8.0\dropwizard-auth-0.8.0.jar;D:\ParcoursConseiller\repository\io\dropwizard\dropwizard-assets\0.8.0\dropwizard-assets-0.8.0.jar;D:\ParcoursConseiller\repository\io\dropwizard\dropwizard-spdy\0.8.0\dropwizard-spdy-0.8.0.jar;D:\ParcoursConseiller\repository\org\eclipse\jetty\spdy\spdy-http-server\9.2.9.v20150224\spdy-http-server-9.2.9.v20150224.jar;D:\ParcoursConseiller\repository\org\eclipse\jetty\spdy\spdy-http-common\9.2.9.v20150224\spdy-http-common-9.2.9.v20150224.jar;D:\ParcoursConseiller\repository\org\eclipse\jetty\spdy\spdy-core\9.2.9.v20150224\spdy-core-9.2.9.v20150224.jar;D:\ParcoursConseiller\repository\org\eclipse\jetty\spdy\spdy-server\9.2.9.v20150224\spdy-server-9.2.9.v20150224.jar;D:\ParcoursConseiller\repository\org\eclipse\jetty\spdy\spdy-client\9.2.9.v20150224\spdy-client-9.2.9.v20150224.jar;D:\ParcoursConseiller\repository\org\eclipse\jetty\jetty-alpn-client\9.2.9.v20150224\jetty-alpn-client-9.2.9.v20150224.jar;D:\ParcoursConseiller\repository\org\eclipse\jetty\jetty-client\9.2.9.v20150224\jetty-client-9.2.9.v20150224.jar;D:\ParcoursConseiller\repository\org\eclipse\jetty\jetty-alpn-server\9.2.9.v20150224\jetty-alpn-server-9.2.9.v20150224.jar;D:\ParcoursConseiller\repository\io\dropwizard\dropwizard-hibernate\0.8.0\dropwizard-hibernate-0.8.0.jar;D:\ParcoursConseiller\repository\io\dropwizard\dropwizard-db\0.8.0\dropwizard-db-0.8.0.jar;D:\ParcoursConseiller\repository\org\apache\tomcat\tomcat-jdbc\8.0.18\tomcat-jdbc-8.0.18.jar;D:\ParcoursConseiller\repository\org\apache\tomcat\tomcat-juli\8.0.18\tomcat-juli-8.0.18.jar;D:\ParcoursConseiller\repository\com\fasterxml\jackson\datatype\jackson-datatype-hibernate4\2.5.1\jackson-datatype-hibernate4-2.5.1.jar;D:\ParcoursConseiller\repository\org\jadira\usertype\usertype.core\3.2.0.GA\usertype.core-3.2.0.GA.jar;D:\ParcoursConseiller\repository\org\jadira\usertype\usertype.spi\3.2.0.GA\usertype.spi-3.2.0.GA.jar;D:\ParcoursConseiller\repository\org\hibernate\hibernate-core\4.3.5.Final\hibernate-core-4.3.5.Final.jar;D:\ParcoursConseiller\repository\org\jboss\logging\jboss-logging-annotations\1.2.0.Beta1\jboss-logging-annotations-1.2.0.Beta1.jar;D:\ParcoursConseiller\repository\org\jboss\spec\javax\transaction\jboss-transaction-api_1.2_spec\1.0.0.Final\jboss-transaction-api_1.2_spec-1.0.0.Final.jar;D:\ParcoursConseiller\repository\dom4j\dom4j\1.6.1\dom4j-1.6.1.jar;D:\ParcoursConseiller\repository\xml-apis\xml-apis\1.0.b2\xml-apis-1.0.b2.jar;D:\ParcoursConseiller\repository\org\hibernate\common\hibernate-commons-annotations\4.0.4.Final\hibernate-commons-annotations-4.0.4.Final.jar;D:\ParcoursConseiller\repository\org\hibernate\javax\persistence\hibernate-jpa-2.1-api\1.0.0.Final\hibernate-jpa-2.1-api-1.0.0.Final.jar;D:\ParcoursConseiller\repository\antlr\antlr\2.7.7\antlr-2.7.7.jar;D:\ParcoursConseiller\repository\org\jboss\jandex\1.1.0.Final\jandex-1.1.0.Final.jar;D:\ParcoursConseiller\repository\io\dropwizard\dropwizard-migrations\0.8.0\dropwizard-migrations-0.8.0.jar;D:\ParcoursConseiller\repository\org\liquibase\liquibase-core\3.3.2\liquibase-core-3.3.2.jar;D:\ParcoursConseiller\repository\com\mattbertolini\liquibase-slf4j\1.2.1\liquibase-slf4j-1.2.1.jar;D:\ParcoursConseiller\repository\io\dropwizard\dropwizard-testing\0.8.0\dropwizard-testing-0.8.0.jar;D:\ParcoursConseiller\repository\org\mockito\mockito-core\1.10.17\mockito-core-1.10.17.jar;D:\ParcoursConseiller\repository\org\objenesis\objenesis\2.1\objenesis-2.1.jar;D:\ParcoursConseiller\repository\org\assertj\assertj-core\1.7.1\assertj-core-1.7.1.jar;D:\ParcoursConseiller\repository\org\glassfish\jersey\test-framework\providers\jersey-test-framework-provider-inmemory\2.16\jersey-test-framework-provider-inmemory-2.16.jar;D:\ParcoursConseiller\repository\org\glassfish\jersey\test-framework\jersey-test-framework-core\2.16\jersey-test-framework-core-2.16.jar;D:\ParcoursConseiller\repository\org\ow2\asm\asm-debug-all\5.0.2\asm-debug-all-5.0.2.jar;D:\ParcoursConseiller\repository\org\mindrot\jbcrypt\0.3m\jbcrypt-0.3m.jar;D:\ParcoursConseiller\repository\io\dropwizard\dropwizard-client\0.8.0\dropwizard-client-0.8.0.jar;D:\ParcoursConseiller\repository\io\dropwizard\metrics\metrics-httpclient\3.1.0\metrics-httpclient-3.1.0.jar;D:\ParcoursConseiller\repository\org\apache\httpcomponents\httpclient\4.3.5\httpclient-4.3.5.jar;D:\ParcoursConseiller\repository\org\apache\httpcomponents\httpcore\4.3.2\httpcore-4.3.2.jar;D:\ParcoursConseiller\repository\org\glassfish\jersey\connectors\jersey-apache-connector\2.16\jersey-apache-connector-2.16.jar;D:\ParcoursConseiller\repository\com\nimbusds\nimbus-jose-jwt\3.1.1\nimbus-jose-jwt-3.1.1.jar;D:\ParcoursConseiller\repository\net\jcip\jcip-annotations\1.0\jcip-annotations-1.0.jar;D:\ParcoursConseiller\repository\net\minidev\json-smart\1.1.1\json-smart-1.1.1.jar;D:\ParcoursConseiller\repository\org\bouncycastle\bcprov-jdk15on\1.51\bcprov-jdk15on-1.51.jar;D:\ParcoursConseiller\repository\commons-lang\commons-lang\2.6\commons-lang-2.6.jar;D:\ParcoursConseiller\repository\com\edf\rmc\jar\RMC_Communs\0.0.1-SNAPSHOT\RMC_Communs-0.0.1-SNAPSHOT.jar;"/>
    <property name="java.vm.specification.version" value="1.7"/>
    <property name="sun.arch.data.model" value="64"/>
    <property name="java.home" value="D:\ParcoursConseiller\Logiciels\jdk1.7.0_51\jre"/>
    <property name="sun.java.command" value="c:\temp\surefirebooter875333697739195634.jar c:\temp\surefire461693525637271775tmp c:\temp\surefire6260128094585188300tmp"/>
    <property name="java.specification.vendor" value="Oracle Corporation"/>
    <property name="user.language" value="fr"/>
    <property name="awt.toolkit" value="sun.awt.windows.WToolkit"/>
    <property name="java.vm.info" value="mixed mode"/>
    <property name="java.version" value="1.7.0_51"/>
    <property name="java.ext.dirs" value="D:\ParcoursConseiller\Logiciels\jdk1.7.0_51\jre\lib\ext;C:\Windows\Sun\Java\lib\ext"/>
    <property name="sun.boot.class.path" value="D:\ParcoursConseiller\Logiciels\jdk1.7.0_51\jre\lib\resources.jar;D:\ParcoursConseiller\Logiciels\jdk1.7.0_51\jre\lib\rt.jar;D:\ParcoursConseiller\Logiciels\jdk1.7.0_51\jre\lib\sunrsasign.jar;D:\ParcoursConseiller\Logiciels\jdk1.7.0_51\jre\lib\jsse.jar;D:\ParcoursConseiller\Logiciels\jdk1.7.0_51\jre\lib\jce.jar;D:\ParcoursConseiller\Logiciels\jdk1.7.0_51\jre\lib\charsets.jar;D:\ParcoursConseiller\Logiciels\jdk1.7.0_51\jre\lib\jfr.jar;D:\ParcoursConseiller\Logiciels\jdk1.7.0_51\jre\classes"/>
    <property name="java.vendor" value="Oracle Corporation"/>
    <property name="localRepository" value="D:\ParcoursConseiller\repository"/>
    <property name="file.separator" value="\"/>
    <property name="java.vendor.url.bug" value="http://bugreport.sun.com/bugreport/"/>
    <property name="sun.cpu.endian" value="little"/>
    <property name="sun.io.unicode.encoding" value="UnicodeLittle"/>
    <property name="sun.desktop" value="windows"/>
    <property name="sun.cpu.isalist" value="amd64"/>
  </properties>
  <testcase time="0" classname="rmc.authenfication.AuthentificationServiceTest" name="rmc.authenfication.AuthentificationServiceTest">
    <skipped/>
  </testcase>
</testsuite>